13:57:48:628  INFO 4472 --- [main] com.hmall.cart.CartApplication           : Starting CartApplication using Java 11.0.23 on DESKTOP-NB6SU79 with PID 4472 (D:\Desktop\hmall\cart-service\target\classes started by 陈维婕 in D:\Desktop\hmall)
13:57:48:633 DEBUG 4472 --- [main] com.hmall.cart.CartApplication           : Running with Spring Boot v2.7.12, Spring v5.3.27
13:57:48:634  INFO 4472 --- [main] com.hmall.cart.CartApplication           : The following 1 profile is active: "local"
13:57:50:126  INFO 4472 --- [main] o.s.b.w.embedded.tomcat.TomcatWebServer  : Tomcat initialized with port(s): 8082 (http)
13:57:50:128  INFO 4472 --- [main] o.a.catalina.core.AprLifecycleListener   : Loaded Apache Tomcat Native library [1.2.35] using APR version [1.7.0].
13:57:50:128  INFO 4472 --- [main] o.a.catalina.core.AprLifecycleListener   : APR capabilities: IPv6 [true], sendfile [true], accept filters [false], random [true], UDS [true].
13:57:50:128  INFO 4472 --- [main] o.a.catalina.core.AprLifecycleListener   : APR/OpenSSL configuration: useAprConnector [false], useOpenSSL [true]
13:57:50:142  INFO 4472 --- [main] o.a.catalina.core.AprLifecycleListener   : OpenSSL successfully initialized [OpenSSL 1.1.1q  5 Jul 2022]
13:57:50:152  INFO 4472 --- [main] o.apache.catalina.core.StandardService   : Starting service [Tomcat]
13:57:50:152  INFO 4472 --- [main] org.apache.catalina.core.StandardEngine  : Starting Servlet engine: [Apache Tomcat/9.0.75]
13:57:50:290  INFO 4472 --- [main] o.a.c.c.C.[Tomcat].[localhost].[/]       : Initializing Spring embedded WebApplicationContext
13:57:50:290  INFO 4472 --- [main] w.s.c.ServletWebServerApplicationContext : Root WebApplicationContext: initialization completed in 1604 ms
13:57:51:430  INFO 4472 --- [main] pertySourcedRequestMappingHandlerMapping : Mapped URL path [/v2/api-docs] onto method [springfox.documentation.swagger2.web.Swagger2ControllerWebMvc#getDocumentation(String, HttpServletRequest)]
13:57:51:521  INFO 4472 --- [main] o.s.b.w.embedded.tomcat.TomcatWebServer  : Tomcat started on port(s): 8082 (http) with context path ''
13:57:51:522  INFO 4472 --- [main] d.s.w.p.DocumentationPluginsBootstrapper : Documentation plugins bootstrapped
13:57:51:525  INFO 4472 --- [main] d.s.w.p.DocumentationPluginsBootstrapper : Found 1 custom documentation plugin(s)
13:57:51:555  INFO 4472 --- [main] s.d.s.w.s.ApiListingReferenceScanner     : Scanning for api listing references
13:57:51:676  INFO 4472 --- [main] com.hmall.cart.CartApplication           : Started CartApplication in 3.612 seconds (JVM running for 5.22)
13:57:58:589  INFO 4472 --- [http-nio-8082-exec-1] o.a.c.c.C.[Tomcat].[localhost].[/]       : Initializing Spring DispatcherServlet 'dispatcherServlet'
13:57:58:590  INFO 4472 --- [http-nio-8082-exec-1] o.s.web.servlet.DispatcherServlet        : Initializing Servlet 'dispatcherServlet'
13:57:58:592  INFO 4472 --- [http-nio-8082-exec-1] o.s.web.servlet.DispatcherServlet        : Completed initialization in 1 ms
14:08:31:353  INFO 21080 --- [main] com.hmall.cart.CartApplication           : Starting CartApplication using Java 11.0.23 on DESKTOP-NB6SU79 with PID 21080 (D:\Desktop\hmall\cart-service\target\classes started by 陈维婕 in D:\Desktop\hmall)
14:08:31:355 DEBUG 21080 --- [main] com.hmall.cart.CartApplication           : Running with Spring Boot v2.7.12, Spring v5.3.27
14:08:31:356  INFO 21080 --- [main] com.hmall.cart.CartApplication           : The following 1 profile is active: "local"
14:08:32:705  INFO 21080 --- [main] o.s.b.w.embedded.tomcat.TomcatWebServer  : Tomcat initialized with port(s): 8082 (http)
14:08:32:707  INFO 21080 --- [main] o.a.catalina.core.AprLifecycleListener   : Loaded Apache Tomcat Native library [1.2.35] using APR version [1.7.0].
14:08:32:707  INFO 21080 --- [main] o.a.catalina.core.AprLifecycleListener   : APR capabilities: IPv6 [true], sendfile [true], accept filters [false], random [true], UDS [true].
14:08:32:707  INFO 21080 --- [main] o.a.catalina.core.AprLifecycleListener   : APR/OpenSSL configuration: useAprConnector [false], useOpenSSL [true]
14:08:32:710  INFO 21080 --- [main] o.a.catalina.core.AprLifecycleListener   : OpenSSL successfully initialized [OpenSSL 1.1.1q  5 Jul 2022]
14:08:32:720  INFO 21080 --- [main] o.apache.catalina.core.StandardService   : Starting service [Tomcat]
14:08:32:720  INFO 21080 --- [main] org.apache.catalina.core.StandardEngine  : Starting Servlet engine: [Apache Tomcat/9.0.75]
14:08:32:851  INFO 21080 --- [main] o.a.c.c.C.[Tomcat].[localhost].[/]       : Initializing Spring embedded WebApplicationContext
14:08:32:851  INFO 21080 --- [main] w.s.c.ServletWebServerApplicationContext : Root WebApplicationContext: initialization completed in 1448 ms
14:08:33:965  INFO 21080 --- [main] pertySourcedRequestMappingHandlerMapping : Mapped URL path [/v2/api-docs] onto method [springfox.documentation.swagger2.web.Swagger2ControllerWebMvc#getDocumentation(String, HttpServletRequest)]
14:08:34:050  INFO 21080 --- [main] o.s.b.w.embedded.tomcat.TomcatWebServer  : Tomcat started on port(s): 8082 (http) with context path ''
14:08:34:051  INFO 21080 --- [main] d.s.w.p.DocumentationPluginsBootstrapper : Documentation plugins bootstrapped
14:08:34:054  INFO 21080 --- [main] d.s.w.p.DocumentationPluginsBootstrapper : Found 1 custom documentation plugin(s)
14:08:34:084  INFO 21080 --- [main] s.d.s.w.s.ApiListingReferenceScanner     : Scanning for api listing references
14:08:34:199  INFO 21080 --- [main] com.hmall.cart.CartApplication           : Started CartApplication in 3.751 seconds (JVM running for 4.764)
14:08:34:802  INFO 21080 --- [http-nio-8082-exec-1] o.a.c.c.C.[Tomcat].[localhost].[/]       : Initializing Spring DispatcherServlet 'dispatcherServlet'
14:08:34:803  INFO 21080 --- [http-nio-8082-exec-1] o.s.web.servlet.DispatcherServlet        : Initializing Servlet 'dispatcherServlet'
14:08:34:804  INFO 21080 --- [http-nio-8082-exec-1] o.s.web.servlet.DispatcherServlet        : Completed initialization in 1 ms
14:09:48:092  INFO 10312 --- [main] com.hmall.cart.CartApplication           : Starting CartApplication using Java 11.0.23 on DESKTOP-NB6SU79 with PID 10312 (D:\Desktop\hmall\cart-service\target\classes started by 陈维婕 in D:\Desktop\hmall)
14:09:48:097 DEBUG 10312 --- [main] com.hmall.cart.CartApplication           : Running with Spring Boot v2.7.12, Spring v5.3.27
14:09:48:097  INFO 10312 --- [main] com.hmall.cart.CartApplication           : The following 1 profile is active: "local"
14:09:49:290  INFO 10312 --- [main] o.s.b.w.embedded.tomcat.TomcatWebServer  : Tomcat initialized with port(s): 8082 (http)
14:09:49:291  INFO 10312 --- [main] o.a.catalina.core.AprLifecycleListener   : Loaded Apache Tomcat Native library [1.2.35] using APR version [1.7.0].
14:09:49:291  INFO 10312 --- [main] o.a.catalina.core.AprLifecycleListener   : APR capabilities: IPv6 [true], sendfile [true], accept filters [false], random [true], UDS [true].
14:09:49:291  INFO 10312 --- [main] o.a.catalina.core.AprLifecycleListener   : APR/OpenSSL configuration: useAprConnector [false], useOpenSSL [true]
14:09:49:294  INFO 10312 --- [main] o.a.catalina.core.AprLifecycleListener   : OpenSSL successfully initialized [OpenSSL 1.1.1q  5 Jul 2022]
14:09:49:302  INFO 10312 --- [main] o.apache.catalina.core.StandardService   : Starting service [Tomcat]
14:09:49:303  INFO 10312 --- [main] org.apache.catalina.core.StandardEngine  : Starting Servlet engine: [Apache Tomcat/9.0.75]
14:09:49:421  INFO 10312 --- [main] o.a.c.c.C.[Tomcat].[localhost].[/]       : Initializing Spring embedded WebApplicationContext
14:09:49:421  INFO 10312 --- [main] w.s.c.ServletWebServerApplicationContext : Root WebApplicationContext: initialization completed in 1275 ms
14:09:50:454  INFO 10312 --- [main] pertySourcedRequestMappingHandlerMapping : Mapped URL path [/v2/api-docs] onto method [springfox.documentation.swagger2.web.Swagger2ControllerWebMvc#getDocumentation(String, HttpServletRequest)]
14:09:50:539  INFO 10312 --- [main] o.s.b.w.embedded.tomcat.TomcatWebServer  : Tomcat started on port(s): 8082 (http) with context path ''
14:09:50:540  INFO 10312 --- [main] d.s.w.p.DocumentationPluginsBootstrapper : Documentation plugins bootstrapped
14:09:50:543  INFO 10312 --- [main] d.s.w.p.DocumentationPluginsBootstrapper : Found 1 custom documentation plugin(s)
14:09:50:569  INFO 10312 --- [main] s.d.s.w.s.ApiListingReferenceScanner     : Scanning for api listing references
14:09:50:685  INFO 10312 --- [main] com.hmall.cart.CartApplication           : Started CartApplication in 3.04 seconds (JVM running for 3.788)
14:10:09:100  INFO 10312 --- [http-nio-8082-exec-1] o.a.c.c.C.[Tomcat].[localhost].[/]       : Initializing Spring DispatcherServlet 'dispatcherServlet'
14:10:09:101  INFO 10312 --- [http-nio-8082-exec-1] o.s.web.servlet.DispatcherServlet        : Initializing Servlet 'dispatcherServlet'
14:10:09:102  INFO 10312 --- [http-nio-8082-exec-1] o.s.web.servlet.DispatcherServlet        : Completed initialization in 1 ms
14:13:16:433  INFO 10312 --- [http-nio-8082-exec-9] com.zaxxer.hikari.HikariDataSource       : HikariPool-1 - Starting...
14:13:16:817  INFO 10312 --- [http-nio-8082-exec-9] com.zaxxer.hikari.HikariDataSource       : HikariPool-1 - Start completed.
14:13:16:824 DEBUG 10312 --- [http-nio-8082-exec-9] c.h.cart.mapper.CartMapper.selectList    : ==>  Preparing: SELECT id,user_id,item_id,num,name,spec,price,image,create_time,update_time FROM cart WHERE (user_id = ?)
14:13:16:842 DEBUG 10312 --- [http-nio-8082-exec-9] c.h.cart.mapper.CartMapper.selectList    : ==> Parameters: 1(Long)
14:13:16:865 DEBUG 10312 --- [http-nio-8082-exec-9] c.h.cart.mapper.CartMapper.selectList    : <==      Total: 1
