14:08:18:289  INFO 5136 --- [main] com.hmall.item.ItemApplication           : Starting ItemApplication using Java 11.0.23 on DESKTOP-NB6SU79 with PID 5136 (D:\Desktop\hmall\item-service\target\classes started by 陈维婕 in D:\Desktop\hmall)
14:08:18:295 DEBUG 5136 --- [main] com.hmall.item.ItemApplication           : Running with Spring Boot v2.7.12, Spring v5.3.27
14:08:18:297  INFO 5136 --- [main] com.hmall.item.ItemApplication           : The following 1 profile is active: "local"
14:08:19:239  INFO 5136 --- [main] .s.d.r.c.RepositoryConfigurationDelegate : Multiple Spring Data modules found, entering strict repository configuration mode
14:08:19:243  INFO 5136 --- [main] .s.d.r.c.RepositoryConfigurationDelegate : Bootstrapping Spring Data Redis repositories in DEFAULT mode.
14:08:19:285  INFO 5136 --- [main] .s.d.r.c.RepositoryConfigurationDelegate : Finished Spring Data repository scanning in 16 ms. Found 0 Redis repository interfaces.
14:08:19:931  INFO 5136 --- [main] o.s.b.w.embedded.tomcat.TomcatWebServer  : Tomcat initialized with port(s): 8081 (http)
14:08:19:932  INFO 5136 --- [main] o.a.catalina.core.AprLifecycleListener   : Loaded Apache Tomcat Native library [1.2.35] using APR version [1.7.0].
14:08:19:932  INFO 5136 --- [main] o.a.catalina.core.AprLifecycleListener   : APR capabilities: IPv6 [true], sendfile [true], accept filters [false], random [true], UDS [true].
14:08:19:933  INFO 5136 --- [main] o.a.catalina.core.AprLifecycleListener   : APR/OpenSSL configuration: useAprConnector [false], useOpenSSL [true]
14:08:19:937  INFO 5136 --- [main] o.a.catalina.core.AprLifecycleListener   : OpenSSL successfully initialized [OpenSSL 1.1.1q  5 Jul 2022]
14:08:19:946  INFO 5136 --- [main] o.apache.catalina.core.StandardService   : Starting service [Tomcat]
14:08:19:947  INFO 5136 --- [main] org.apache.catalina.core.StandardEngine  : Starting Servlet engine: [Apache Tomcat/9.0.75]
14:08:20:106  INFO 5136 --- [main] o.a.c.c.C.[Tomcat].[localhost].[/]       : Initializing Spring embedded WebApplicationContext
14:08:20:106  INFO 5136 --- [main] w.s.c.ServletWebServerApplicationContext : Root WebApplicationContext: initialization completed in 1758 ms
14:08:21:875  INFO 5136 --- [main] pertySourcedRequestMappingHandlerMapping : Mapped URL path [/v2/api-docs] onto method [springfox.documentation.swagger2.web.Swagger2ControllerWebMvc#getDocumentation(String, HttpServletRequest)]
14:08:22:357  INFO 5136 --- [main] o.s.b.w.embedded.tomcat.TomcatWebServer  : Tomcat started on port(s): 8081 (http) with context path ''
14:08:22:359  INFO 5136 --- [main] d.s.w.p.DocumentationPluginsBootstrapper : Documentation plugins bootstrapped
14:08:22:361  INFO 5136 --- [main] d.s.w.p.DocumentationPluginsBootstrapper : Found 1 custom documentation plugin(s)
14:08:22:388  INFO 5136 --- [main] s.d.s.w.s.ApiListingReferenceScanner     : Scanning for api listing references
14:08:22:547  INFO 5136 --- [main] com.hmall.item.ItemApplication           : Started ItemApplication in 4.838 seconds (JVM running for 5.85)
14:11:56:140  INFO 21468 --- [main] com.hmall.item.ItemApplication           : Starting ItemApplication using Java 11.0.23 on DESKTOP-NB6SU79 with PID 21468 (D:\Desktop\hmall\item-service\target\classes started by 陈维婕 in D:\Desktop\hmall)
14:11:56:144 DEBUG 21468 --- [main] com.hmall.item.ItemApplication           : Running with Spring Boot v2.7.12, Spring v5.3.27
14:11:56:144  INFO 21468 --- [main] com.hmall.item.ItemApplication           : The following 1 profile is active: "local"
14:11:57:023  INFO 21468 --- [main] .s.d.r.c.RepositoryConfigurationDelegate : Multiple Spring Data modules found, entering strict repository configuration mode
14:11:57:027  INFO 21468 --- [main] .s.d.r.c.RepositoryConfigurationDelegate : Bootstrapping Spring Data Redis repositories in DEFAULT mode.
14:11:57:057  INFO 21468 --- [main] .s.d.r.c.RepositoryConfigurationDelegate : Finished Spring Data repository scanning in 13 ms. Found 0 Redis repository interfaces.
14:11:57:612  INFO 21468 --- [main] o.s.b.w.embedded.tomcat.TomcatWebServer  : Tomcat initialized with port(s): 8081 (http)
14:11:57:614  INFO 21468 --- [main] o.a.catalina.core.AprLifecycleListener   : Loaded Apache Tomcat Native library [1.2.35] using APR version [1.7.0].
14:11:57:615  INFO 21468 --- [main] o.a.catalina.core.AprLifecycleListener   : APR capabilities: IPv6 [true], sendfile [true], accept filters [false], random [true], UDS [true].
14:11:57:615  INFO 21468 --- [main] o.a.catalina.core.AprLifecycleListener   : APR/OpenSSL configuration: useAprConnector [false], useOpenSSL [true]
14:11:57:620  INFO 21468 --- [main] o.a.catalina.core.AprLifecycleListener   : OpenSSL successfully initialized [OpenSSL 1.1.1q  5 Jul 2022]
14:11:57:647  INFO 21468 --- [main] o.apache.catalina.core.StandardService   : Starting service [Tomcat]
14:11:57:647  INFO 21468 --- [main] org.apache.catalina.core.StandardEngine  : Starting Servlet engine: [Apache Tomcat/9.0.75]
14:11:57:805  INFO 21468 --- [main] o.a.c.c.C.[Tomcat].[localhost].[/]       : Initializing Spring embedded WebApplicationContext
14:11:57:805  INFO 21468 --- [main] w.s.c.ServletWebServerApplicationContext : Root WebApplicationContext: initialization completed in 1610 ms
14:11:59:237  INFO 21468 --- [main] pertySourcedRequestMappingHandlerMapping : Mapped URL path [/v2/api-docs] onto method [springfox.documentation.swagger2.web.Swagger2ControllerWebMvc#getDocumentation(String, HttpServletRequest)]
14:11:59:736  INFO 21468 --- [main] o.s.b.w.embedded.tomcat.TomcatWebServer  : Tomcat started on port(s): 8081 (http) with context path ''
14:11:59:737  INFO 21468 --- [main] d.s.w.p.DocumentationPluginsBootstrapper : Documentation plugins bootstrapped
14:11:59:740  INFO 21468 --- [main] d.s.w.p.DocumentationPluginsBootstrapper : Found 1 custom documentation plugin(s)
14:11:59:768  INFO 21468 --- [main] s.d.s.w.s.ApiListingReferenceScanner     : Scanning for api listing references
14:11:59:921  INFO 21468 --- [main] com.hmall.item.ItemApplication           : Started ItemApplication in 4.256 seconds (JVM running for 5.195)
14:13:17:036  INFO 21468 --- [http-nio-8081-exec-1] o.a.c.c.C.[Tomcat].[localhost].[/]       : Initializing Spring DispatcherServlet 'dispatcherServlet'
14:13:17:037  INFO 21468 --- [http-nio-8081-exec-1] o.s.web.servlet.DispatcherServlet        : Initializing Servlet 'dispatcherServlet'
14:13:17:038  INFO 21468 --- [http-nio-8081-exec-1] o.s.web.servlet.DispatcherServlet        : Completed initialization in 1 ms
14:13:17:119  INFO 21468 --- [http-nio-8081-exec-1] com.zaxxer.hikari.HikariDataSource       : HikariPool-1 - Starting...
14:13:17:370  INFO 21468 --- [http-nio-8081-exec-1] com.zaxxer.hikari.HikariDataSource       : HikariPool-1 - Start completed.
14:13:17:376 DEBUG 21468 --- [http-nio-8081-exec-1] c.h.i.mapper.ItemMapper.selectBatchIds   : ==>  Preparing: SELECT id,name,price,stock,image,category,brand,spec,sold,comment_count,isAD,status,create_time,update_time,creater,updater FROM item WHERE id IN ( ? )
14:13:17:394 DEBUG 21468 --- [http-nio-8081-exec-1] c.h.i.mapper.ItemMapper.selectBatchIds   : ==> Parameters: 100000006163(Long)
14:13:17:472 DEBUG 21468 --- [http-nio-8081-exec-1] c.h.i.mapper.ItemMapper.selectBatchIds   : <==      Total: 1
